<?xml version="1.0" encoding="UTF-8"?>
<!-- Generated by org.testng.reporters.JUnitXMLReporter -->
<testsuite ignored="0" hostname="DESKTOP-05M0LBI" failures="0" tests="3" name="Default test" time="86.713" errors="0" timestamp="2021-09-07T23:13:49 IST">
  <testcase classname="practicetest.Con_ovTest" name="ConverLeadToBySelectingOnlyOrganisation1Test" time="23.169"/>
  <testcase classname="practicetest.Con_ovTest" name="ConverLeadToBySelectingOnlyOrganisation2Test" time="23.395"/>
  <testcase classname="practicetest.Con_ovTest" name="ConverLeadToBySelectingOnlyOrganisationTest" time="22.483"/>
</testsuite> <!-- Default test -->
