<?xml version="1.0" encoding="UTF-8"?>
<!-- Generated by org.testng.reporters.JUnitXMLReporter -->
<testsuite ignored="0" hostname="DESKTOP-05M0LBI" failures="0" tests="2" name="Test" time="88.206" errors="0" timestamp="2021-09-05T14:39:02 IST">
  <testcase classname="practicetest.Con_ovTest" name="ConverLeadToBySelectingOnlyOrganisation1Test" time="41.878"/>
  <testcase classname="practicetest.Con_ovTest" name="ConverLeadToBySelectingOnlyOrganisationTest" time="25.637"/>
</testsuite> <!-- Test -->
