<?xml version="1.0" encoding="UTF-8"?>
<testng-results ignored="0" total="3" passed="3" failed="0" skipped="0">
  <reporter-output>
  </reporter-output>
  <suite started-at="2021-09-07T23:12:22 IST" name="Default suite" finished-at="2021-09-07T23:13:49 IST" duration-ms="86713">
    <groups>
      <group name="regressionTest">
        <method signature="Con_ovTest.ConverLeadToBySelectingOnlyOrganisation1Test()[pri:0, instance:practicetest.Con_ovTest@7714e963]" name="ConverLeadToBySelectingOnlyOrganisation1Test" class="practicetest.Con_ovTest"/>
        <method signature="Con_ovTest.ConverLeadToBySelectingOnlyOrganisation2Test()[pri:0, instance:practicetest.Con_ovTest@7714e963]" name="ConverLeadToBySelectingOnlyOrganisation2Test" class="practicetest.Con_ovTest"/>
      </group> <!-- regressionTest -->
    </groups>
    <test started-at="2021-09-07T23:12:22 IST" name="Default test" finished-at="2021-09-07T23:13:49 IST" duration-ms="86713">
      <class name="practicetest.Con_ovTest">
        <test-method is-config="true" signature="configBS()[pri:0, instance:practicetest.Con_ovTest@7714e963]" started-at="2021-09-07T23:12:22 IST" name="configBS" finished-at="2021-09-07T23:12:22 IST" duration-ms="12" status="PASS">
          <reporter-output>
          </reporter-output>
        </test-method> <!-- configBS -->
        <test-method is-config="true" signature="configBC()[pri:0, instance:practicetest.Con_ovTest@7714e963]" started-at="2021-09-07T23:12:23 IST" name="configBC" finished-at="2021-09-07T23:12:24 IST" duration-ms="1836" status="PASS">
          <reporter-output>
          </reporter-output>
        </test-method> <!-- configBC -->
        <test-method is-config="true" signature="configBM()[pri:0, instance:practicetest.Con_ovTest@7714e963]" started-at="2021-09-07T23:12:24 IST" name="configBM" finished-at="2021-09-07T23:12:28 IST" duration-ms="3826" status="PASS">
          <reporter-output>
          </reporter-output>
        </test-method> <!-- configBM -->
        <test-method signature="ConverLeadToBySelectingOnlyOrganisation1Test()[pri:0, instance:practicetest.Con_ovTest@7714e963]" started-at="2021-09-07T23:12:28 IST" name="ConverLeadToBySelectingOnlyOrganisation1Test" finished-at="2021-09-07T23:12:51 IST" duration-ms="23169" status="PASS">
          <reporter-output>
          </reporter-output>
        </test-method> <!-- ConverLeadToBySelectingOnlyOrganisation1Test -->
        <test-method is-config="true" signature="configAM()[pri:0, instance:practicetest.Con_ovTest@7714e963]" started-at="2021-09-07T23:12:51 IST" name="configAM" finished-at="2021-09-07T23:12:53 IST" duration-ms="1709" status="PASS">
          <reporter-output>
          </reporter-output>
        </test-method> <!-- configAM -->
        <test-method is-config="true" signature="configBM()[pri:0, instance:practicetest.Con_ovTest@7714e963]" started-at="2021-09-07T23:12:53 IST" name="configBM" finished-at="2021-09-07T23:12:56 IST" duration-ms="3077" status="PASS">
          <reporter-output>
          </reporter-output>
        </test-method> <!-- configBM -->
        <test-method signature="ConverLeadToBySelectingOnlyOrganisation2Test()[pri:0, instance:practicetest.Con_ovTest@7714e963]" started-at="2021-09-07T23:12:56 IST" name="ConverLeadToBySelectingOnlyOrganisation2Test" finished-at="2021-09-07T23:13:20 IST" duration-ms="23395" status="PASS">
          <reporter-output>
          </reporter-output>
        </test-method> <!-- ConverLeadToBySelectingOnlyOrganisation2Test -->
        <test-method is-config="true" signature="configAM()[pri:0, instance:practicetest.Con_ovTest@7714e963]" started-at="2021-09-07T23:13:20 IST" name="configAM" finished-at="2021-09-07T23:13:21 IST" duration-ms="1600" status="PASS">
          <reporter-output>
          </reporter-output>
        </test-method> <!-- configAM -->
        <test-method is-config="true" signature="configBM()[pri:0, instance:practicetest.Con_ovTest@7714e963]" started-at="2021-09-07T23:13:21 IST" name="configBM" finished-at="2021-09-07T23:13:24 IST" duration-ms="3073" status="PASS">
          <reporter-output>
          </reporter-output>
        </test-method> <!-- configBM -->
        <test-method signature="ConverLeadToBySelectingOnlyOrganisationTest()[pri:0, instance:practicetest.Con_ovTest@7714e963]" started-at="2021-09-07T23:13:24 IST" name="ConverLeadToBySelectingOnlyOrganisationTest" finished-at="2021-09-07T23:13:47 IST" duration-ms="22483" status="PASS">
          <reporter-output>
          </reporter-output>
        </test-method> <!-- ConverLeadToBySelectingOnlyOrganisationTest -->
        <test-method is-config="true" signature="configAM()[pri:0, instance:practicetest.Con_ovTest@7714e963]" started-at="2021-09-07T23:13:47 IST" name="configAM" finished-at="2021-09-07T23:13:48 IST" duration-ms="1769" status="PASS">
          <reporter-output>
          </reporter-output>
        </test-method> <!-- configAM -->
        <test-method is-config="true" signature="configAC()[pri:0, instance:practicetest.Con_ovTest@7714e963]" started-at="2021-09-07T23:13:48 IST" name="configAC" finished-at="2021-09-07T23:13:49 IST" duration-ms="714" status="PASS">
          <reporter-output>
          </reporter-output>
        </test-method> <!-- configAC -->
        <test-method is-config="true" signature="configAS()[pri:0, instance:practicetest.Con_ovTest@7714e963]" started-at="2021-09-07T23:13:49 IST" name="configAS" finished-at="2021-09-07T23:13:49 IST" duration-ms="1" status="PASS">
          <reporter-output>
          </reporter-output>
        </test-method> <!-- configAS -->
      </class> <!-- practicetest.Con_ovTest -->
    </test> <!-- Default test -->
  </suite> <!-- Default suite -->
</testng-results>
